<?xml version="1.0" encoding="UTF-8"?>
<!-- Generated by org.testng.reporters.JUnitXMLReporter -->
<testsuite ignored="0" hostname="BitToNi" failures="0" tests="13" name="Command line test" time="128.532" errors="0" timestamp="2025-02-27T21:37:06 IST">
  <testcase classname="com.demoqa.test.elements.BrokenLinkImageTest" name="TC010" time="4.822"/>
  <testcase classname="com.demoqa.test.elements.BrokenLinkImageTest" name="TC011" time="5.818"/>
  <testcase classname="com.demoqa.test.elements.ButtonTest" name="TC008" time="1.599"/>
  <testcase classname="com.demoqa.test.elements.CheckBoxTest" name="TC002" time="3.433"/>
  <testcase classname="com.demoqa.test.elements.CheckBoxTest" name="TC003" time="0.282"/>
  <testcase classname="com.demoqa.test.elements.LinkTest" name="TC009" time="40.476"/>
  <testcase classname="com.demoqa.test.elements.RadioButtonTest" name="TC004" time="0.165"/>
  <testcase classname="com.demoqa.test.elements.TextBoxTest" name="TC001" time="0.454"/>
  <testcase classname="com.demoqa.test.elements.UploadAndDownloadTest" name="TC012" time="8.759"/>
  <testcase classname="com.demoqa.test.elements.UploadAndDownloadTest" name="TC013" time="1.468"/>
  <testcase classname="com.demoqa.test.elements.WebTablesTest" name="TC005" time="0.958"/>
  <testcase classname="com.demoqa.test.elements.WebTablesTest" name="TC006" time="1.622"/>
  <testcase classname="com.demoqa.test.elements.WebTablesTest" name="TC007" time="0.408"/>
</testsuite> <!-- Command line test -->
