<?xml version="1.0" encoding="UTF-8"?>
<testng-results ignored="0" total="13" passed="13" failed="0" skipped="0">
  <reporter-output>
  </reporter-output>
  <suite started-at="2025-02-27T21:34:58 IST" name="Command line suite" finished-at="2025-02-27T21:37:06 IST" duration-ms="128532">
    <groups>
    </groups>
    <test started-at="2025-02-27T21:34:58 IST" name="Command line test" finished-at="2025-02-27T21:37:06 IST" duration-ms="128532">
      <class name="com.demoqa.test.elements.TextBoxTest">
        <test-method is-config="true" signature="setUp()[pri:0, instance:com.demoqa.test.elements.TextBoxTest@320d7ef5]" started-at="2025-02-27T21:36:27 IST" name="setUp" finished-at="2025-02-27T21:36:27 IST" duration-ms="667" status="PASS">
          <reporter-output>
          </reporter-output>
        </test-method> <!-- setUp -->
        <test-method is-config="true" signature="loadUrl()[pri:0, instance:com.demoqa.test.elements.TextBoxTest@320d7ef5]" started-at="2025-02-27T21:36:27 IST" name="loadUrl" finished-at="2025-02-27T21:36:32 IST" duration-ms="4227" status="PASS">
          <reporter-output>
          </reporter-output>
        </test-method> <!-- loadUrl -->
        <test-method signature="TC001()[pri:0, instance:com.demoqa.test.elements.TextBoxTest@320d7ef5]" started-at="2025-02-27T21:36:32 IST" name="TC001" description="TC001: Verify functionality of the text box." finished-at="2025-02-27T21:36:32 IST" duration-ms="454" status="PASS">
          <reporter-output>
          </reporter-output>
        </test-method> <!-- TC001 -->
        <test-method is-config="true" signature="tearDown()[pri:0, instance:com.demoqa.test.elements.TextBoxTest@320d7ef5]" started-at="2025-02-27T21:36:32 IST" name="tearDown" finished-at="2025-02-27T21:36:35 IST" duration-ms="3167" status="PASS">
          <reporter-output>
          </reporter-output>
        </test-method> <!-- tearDown -->
      </class> <!-- com.demoqa.test.elements.TextBoxTest -->
      <class name="com.demoqa.test.elements.RadioButtonTest">
        <test-method is-config="true" signature="setUp()[pri:0, instance:com.demoqa.test.elements.RadioButtonTest@6fa871ce]" started-at="2025-02-27T21:36:20 IST" name="setUp" finished-at="2025-02-27T21:36:20 IST" duration-ms="658" status="PASS">
          <reporter-output>
          </reporter-output>
        </test-method> <!-- setUp -->
        <test-method is-config="true" signature="loadUrl()[pri:0, instance:com.demoqa.test.elements.RadioButtonTest@6fa871ce]" started-at="2025-02-27T21:36:20 IST" name="loadUrl" finished-at="2025-02-27T21:36:23 IST" duration-ms="3050" status="PASS">
          <reporter-output>
          </reporter-output>
        </test-method> <!-- loadUrl -->
        <test-method signature="TC004()[pri:0, instance:com.demoqa.test.elements.RadioButtonTest@6fa871ce]" started-at="2025-02-27T21:36:23 IST" name="TC004" description="TC004: Verify Radio Button selected state after selecting any of the radio button." finished-at="2025-02-27T21:36:24 IST" duration-ms="165" status="PASS">
          <reporter-output>
          </reporter-output>
        </test-method> <!-- TC004 -->
        <test-method is-config="true" signature="tearDown()[pri:0, instance:com.demoqa.test.elements.RadioButtonTest@6fa871ce]" started-at="2025-02-27T21:36:24 IST" name="tearDown" finished-at="2025-02-27T21:36:27 IST" duration-ms="3116" status="PASS">
          <reporter-output>
          </reporter-output>
        </test-method> <!-- tearDown -->
      </class> <!-- com.demoqa.test.elements.RadioButtonTest -->
      <class name="com.demoqa.test.elements.BrokenLinkImageTest">
        <test-method is-config="true" signature="setUp()[pri:0, instance:com.demoqa.test.elements.BrokenLinkImageTest@715b9490]" started-at="2025-02-27T21:34:58 IST" name="setUp" finished-at="2025-02-27T21:34:59 IST" duration-ms="1045" status="PASS">
          <reporter-output>
          </reporter-output>
        </test-method> <!-- setUp -->
        <test-method is-config="true" signature="loadUrl()[pri:0, instance:com.demoqa.test.elements.BrokenLinkImageTest@715b9490]" started-at="2025-02-27T21:34:59 IST" name="loadUrl" finished-at="2025-02-27T21:34:59 IST" duration-ms="684" status="PASS">
          <reporter-output>
          </reporter-output>
        </test-method> <!-- loadUrl -->
        <test-method signature="TC010()[pri:0, instance:com.demoqa.test.elements.BrokenLinkImageTest@715b9490]" started-at="2025-02-27T21:34:59 IST" name="TC010" description="TC010: Verify that both broken and non-broken images are correctly identified on the page." finished-at="2025-02-27T21:35:04 IST" duration-ms="4822" status="PASS">
          <reporter-output>
          </reporter-output>
        </test-method> <!-- TC010 -->
        <test-method is-config="true" signature="loadUrl()[pri:0, instance:com.demoqa.test.elements.BrokenLinkImageTest@715b9490]" started-at="2025-02-27T21:35:04 IST" name="loadUrl" finished-at="2025-02-27T21:35:05 IST" duration-ms="845" status="PASS">
          <reporter-output>
          </reporter-output>
        </test-method> <!-- loadUrl -->
        <test-method signature="TC011()[pri:0, instance:com.demoqa.test.elements.BrokenLinkImageTest@715b9490]" started-at="2025-02-27T21:35:05 IST" name="TC011" description="TC011: Verify that the valid link redirects to the correct page and the broken link results in an error page." finished-at="2025-02-27T21:35:11 IST" duration-ms="5818" status="PASS">
          <reporter-output>
          </reporter-output>
        </test-method> <!-- TC011 -->
        <test-method is-config="true" signature="tearDown()[pri:0, instance:com.demoqa.test.elements.BrokenLinkImageTest@715b9490]" started-at="2025-02-27T21:35:11 IST" name="tearDown" finished-at="2025-02-27T21:35:14 IST" duration-ms="3170" status="PASS">
          <reporter-output>
          </reporter-output>
        </test-method> <!-- tearDown -->
      </class> <!-- com.demoqa.test.elements.BrokenLinkImageTest -->
      <class name="com.demoqa.test.elements.CheckBoxTest">
        <test-method is-config="true" signature="setUp()[pri:0, instance:com.demoqa.test.elements.CheckBoxTest@17295a34]" started-at="2025-02-27T21:35:25 IST" name="setUp" finished-at="2025-02-27T21:35:26 IST" duration-ms="673" status="PASS">
          <reporter-output>
          </reporter-output>
        </test-method> <!-- setUp -->
        <test-method is-config="true" signature="loadUrl()[pri:0, instance:com.demoqa.test.elements.CheckBoxTest@17295a34]" started-at="2025-02-27T21:35:26 IST" name="loadUrl" finished-at="2025-02-27T21:35:27 IST" duration-ms="499" status="PASS">
          <reporter-output>
          </reporter-output>
        </test-method> <!-- loadUrl -->
        <test-method signature="TC002()[pri:0, instance:com.demoqa.test.elements.CheckBoxTest@17295a34]" started-at="2025-02-27T21:35:27 IST" name="TC002" description="TC002: Verify selecting and deselecting checkboxes after pressing the expand/collapse button." finished-at="2025-02-27T21:35:30 IST" duration-ms="3433" status="PASS">
          <reporter-output>
          </reporter-output>
        </test-method> <!-- TC002 -->
        <test-method is-config="true" signature="loadUrl()[pri:0, instance:com.demoqa.test.elements.CheckBoxTest@17295a34]" started-at="2025-02-27T21:35:30 IST" name="loadUrl" finished-at="2025-02-27T21:35:31 IST" duration-ms="1229" status="PASS">
          <reporter-output>
          </reporter-output>
        </test-method> <!-- loadUrl -->
        <test-method signature="TC003()[pri:0, instance:com.demoqa.test.elements.CheckBoxTest@17295a34]" started-at="2025-02-27T21:35:31 IST" name="TC003" description="TC003: Verify checkbox state changes correctly after pressing checking/unchecking." finished-at="2025-02-27T21:35:32 IST" duration-ms="282" status="PASS">
          <reporter-output>
          </reporter-output>
        </test-method> <!-- TC003 -->
        <test-method is-config="true" signature="tearDown()[pri:0, instance:com.demoqa.test.elements.CheckBoxTest@17295a34]" started-at="2025-02-27T21:35:32 IST" name="tearDown" finished-at="2025-02-27T21:35:35 IST" duration-ms="3206" status="PASS">
          <reporter-output>
          </reporter-output>
        </test-method> <!-- tearDown -->
      </class> <!-- com.demoqa.test.elements.CheckBoxTest -->
      <class name="com.demoqa.test.elements.WebTablesTest">
        <test-method is-config="true" signature="setUp()[pri:0, instance:com.demoqa.test.elements.WebTablesTest@3dfbe5ed]" started-at="2025-02-27T21:36:50 IST" name="setUp" finished-at="2025-02-27T21:36:51 IST" duration-ms="662" status="PASS">
          <reporter-output>
          </reporter-output>
        </test-method> <!-- setUp -->
        <test-method is-config="true" signature="loadUrl()[pri:0, instance:com.demoqa.test.elements.WebTablesTest@3dfbe5ed]" started-at="2025-02-27T21:36:51 IST" name="loadUrl" finished-at="2025-02-27T21:36:57 IST" duration-ms="6526" status="PASS">
          <reporter-output>
          </reporter-output>
        </test-method> <!-- loadUrl -->
        <test-method signature="TC005()[pri:0, instance:com.demoqa.test.elements.WebTablesTest@3dfbe5ed]" started-at="2025-02-27T21:36:57 IST" name="TC005" description="TC005: Verify that a user can add, edit, and delete records in the table." finished-at="2025-02-27T21:36:58 IST" duration-ms="958" status="PASS">
          <reporter-output>
          </reporter-output>
        </test-method> <!-- TC005 -->
        <test-method is-config="true" signature="loadUrl()[pri:0, instance:com.demoqa.test.elements.WebTablesTest@3dfbe5ed]" started-at="2025-02-27T21:36:58 IST" name="loadUrl" finished-at="2025-02-27T21:37:00 IST" duration-ms="1656" status="PASS">
          <reporter-output>
          </reporter-output>
        </test-method> <!-- loadUrl -->
        <test-method signature="TC006()[pri:0, instance:com.demoqa.test.elements.WebTablesTest@3dfbe5ed]" started-at="2025-02-27T21:37:00 IST" name="TC006" description="TC006: Verify that the search and reset functionalities work correctly." finished-at="2025-02-27T21:37:02 IST" duration-ms="1622" status="PASS">
          <reporter-output>
          </reporter-output>
        </test-method> <!-- TC006 -->
        <test-method is-config="true" signature="loadUrl()[pri:0, instance:com.demoqa.test.elements.WebTablesTest@3dfbe5ed]" started-at="2025-02-27T21:37:02 IST" name="loadUrl" finished-at="2025-02-27T21:37:03 IST" duration-ms="976" status="PASS">
          <reporter-output>
          </reporter-output>
        </test-method> <!-- loadUrl -->
        <test-method signature="TC007()[pri:0, instance:com.demoqa.test.elements.WebTablesTest@3dfbe5ed]" started-at="2025-02-27T21:37:03 IST" name="TC007" description="TC007: Verify that sorting works correctly." finished-at="2025-02-27T21:37:03 IST" duration-ms="408" status="PASS">
          <reporter-output>
          </reporter-output>
        </test-method> <!-- TC007 -->
        <test-method is-config="true" signature="tearDown()[pri:0, instance:com.demoqa.test.elements.WebTablesTest@3dfbe5ed]" started-at="2025-02-27T21:37:03 IST" name="tearDown" finished-at="2025-02-27T21:37:06 IST" duration-ms="3199" status="PASS">
          <reporter-output>
          </reporter-output>
        </test-method> <!-- tearDown -->
      </class> <!-- com.demoqa.test.elements.WebTablesTest -->
      <class name="com.demoqa.test.elements.LinkTest">
        <test-method is-config="true" signature="setUp()[pri:0, instance:com.demoqa.test.elements.LinkTest@883627f]" started-at="2025-02-27T21:35:35 IST" name="setUp" finished-at="2025-02-27T21:35:35 IST" duration-ms="681" status="PASS">
          <reporter-output>
          </reporter-output>
        </test-method> <!-- setUp -->
        <test-method is-config="true" signature="loadUrl()[pri:0, instance:com.demoqa.test.elements.LinkTest@883627f]" started-at="2025-02-27T21:35:35 IST" name="loadUrl" finished-at="2025-02-27T21:35:36 IST" duration-ms="675" status="PASS">
          <reporter-output>
          </reporter-output>
        </test-method> <!-- loadUrl -->
        <test-method signature="TC009()[pri:0, instance:com.demoqa.test.elements.LinkTest@883627f]" started-at="2025-02-27T21:35:36 IST" name="TC009" description="TC009: Verify that navigation links open correctly and API links send the correct response." finished-at="2025-02-27T21:36:17 IST" duration-ms="40476" status="PASS">
          <reporter-output>
          </reporter-output>
        </test-method> <!-- TC009 -->
        <test-method is-config="true" signature="tearDown()[pri:0, instance:com.demoqa.test.elements.LinkTest@883627f]" started-at="2025-02-27T21:36:17 IST" name="tearDown" finished-at="2025-02-27T21:36:20 IST" duration-ms="3162" status="PASS">
          <reporter-output>
          </reporter-output>
        </test-method> <!-- tearDown -->
      </class> <!-- com.demoqa.test.elements.LinkTest -->
      <class name="com.demoqa.test.elements.UploadAndDownloadTest">
        <test-method is-config="true" signature="setUp()[pri:0, instance:com.demoqa.test.elements.UploadAndDownloadTest@11f1c01c]" started-at="2025-02-27T21:36:35 IST" name="setUp" finished-at="2025-02-27T21:36:36 IST" duration-ms="672" status="PASS">
          <reporter-output>
          </reporter-output>
        </test-method> <!-- setUp -->
        <test-method is-config="true" signature="loadUrl()[pri:0, instance:com.demoqa.test.elements.UploadAndDownloadTest@11f1c01c]" started-at="2025-02-27T21:36:36 IST" name="loadUrl" finished-at="2025-02-27T21:36:37 IST" duration-ms="563" status="PASS">
          <reporter-output>
          </reporter-output>
        </test-method> <!-- loadUrl -->
        <test-method signature="TC012()[pri:0, instance:com.demoqa.test.elements.UploadAndDownloadTest@11f1c01c]" started-at="2025-02-27T21:36:37 IST" name="TC012" description="TC012: Validate that a user can successfully download a file from the DemoQA download page." finished-at="2025-02-27T21:36:45 IST" duration-ms="8759" status="PASS">
          <reporter-output>
          </reporter-output>
        </test-method> <!-- TC012 -->
        <test-method is-config="true" signature="loadUrl()[pri:0, instance:com.demoqa.test.elements.UploadAndDownloadTest@11f1c01c]" started-at="2025-02-27T21:36:45 IST" name="loadUrl" finished-at="2025-02-27T21:36:45 IST" duration-ms="206" status="PASS">
          <reporter-output>
          </reporter-output>
        </test-method> <!-- loadUrl -->
        <test-method signature="TC013()[pri:0, instance:com.demoqa.test.elements.UploadAndDownloadTest@11f1c01c]" started-at="2025-02-27T21:36:45 IST" name="TC013" description="TC013: Validate that a user can successfully upload a file on the DemoQA upload page." finished-at="2025-02-27T21:36:47 IST" duration-ms="1468" status="PASS">
          <reporter-output>
          </reporter-output>
        </test-method> <!-- TC013 -->
        <test-method is-config="true" signature="tearDown()[pri:0, instance:com.demoqa.test.elements.UploadAndDownloadTest@11f1c01c]" started-at="2025-02-27T21:36:47 IST" name="tearDown" finished-at="2025-02-27T21:36:50 IST" duration-ms="3224" status="PASS">
          <reporter-output>
          </reporter-output>
        </test-method> <!-- tearDown -->
      </class> <!-- com.demoqa.test.elements.UploadAndDownloadTest -->
      <class name="com.demoqa.test.elements.ButtonTest">
        <test-method is-config="true" signature="setUp()[pri:0, instance:com.demoqa.test.elements.ButtonTest@3a7ba6ff]" started-at="2025-02-27T21:35:14 IST" name="setUp" finished-at="2025-02-27T21:35:15 IST" duration-ms="685" status="PASS">
          <reporter-output>
          </reporter-output>
        </test-method> <!-- setUp -->
        <test-method is-config="true" signature="loadUrl()[pri:0, instance:com.demoqa.test.elements.ButtonTest@3a7ba6ff]" started-at="2025-02-27T21:35:15 IST" name="loadUrl" finished-at="2025-02-27T21:35:21 IST" duration-ms="5934" status="PASS">
          <reporter-output>
          </reporter-output>
        </test-method> <!-- loadUrl -->
        <test-method signature="TC008()[pri:0, instance:com.demoqa.test.elements.ButtonTest@3a7ba6ff]" started-at="2025-02-27T21:35:21 IST" name="TC008" description="TC008: Verify that Right Click, Double Click and Single Click works correctly." finished-at="2025-02-27T21:35:22 IST" duration-ms="1599" status="PASS">
          <reporter-output>
          </reporter-output>
        </test-method> <!-- TC008 -->
        <test-method is-config="true" signature="tearDown()[pri:0, instance:com.demoqa.test.elements.ButtonTest@3a7ba6ff]" started-at="2025-02-27T21:35:22 IST" name="tearDown" finished-at="2025-02-27T21:35:25 IST" duration-ms="3177" status="PASS">
          <reporter-output>
          </reporter-output>
        </test-method> <!-- tearDown -->
      </class> <!-- com.demoqa.test.elements.ButtonTest -->
    </test> <!-- Command line test -->
  </suite> <!-- Command line suite -->
</testng-results>
